  INFO ---------------------------------------------------------------------------
  INFO START 2019-02-26 13:16:52 -0500 cap production deploy
  INFO ---------------------------------------------------------------------------
 DEBUG [df64a0ad] Running [ -d ~/.rvm ] on 142.93.204.216
 DEBUG [df64a0ad] Command: [ -d ~/.rvm ]
 DEBUG [64e120b9] Finished in 0.565 seconds with exit status 0 (successful).
 DEBUG [ff7bb0f4] Running ~/.rvm/bin/rvm version on 142.93.204.216
 DEBUG [ff7bb0f4] Command: ~/.rvm/bin/rvm version
 DEBUG [47f1e45f] 	rvm 1.29.4 (latest) by Michal Papis, Piotr Kuczynski, Wayne E. Seguin [https://rvm.io]
 DEBUG [47f1e45f] 	
 DEBUG [47f1e45f] Finished in 0.297 seconds with exit status 0 (successful).
 DEBUG [91f0cc61] Running ~/.rvm/bin/rvm current on 142.93.204.216
 DEBUG [91f0cc61] Command: ~/.rvm/bin/rvm current
 DEBUG [10498aae] 	ruby-2.3.0
 DEBUG [10498aae] 	
 DEBUG [10498aae] Finished in 0.307 seconds with exit status 0 (successful).
 DEBUG [04ebca3e] Running ~/.rvm/bin/rvm default do ruby --version on 142.93.204.216
 DEBUG [04ebca3e] Command: ~/.rvm/bin/rvm default do ruby --version
 DEBUG [95947ce5] 	ruby 2.3.0p0 (2015-12-25 revision 53290) [x86_64-linux]
 DEBUG [95947ce5] 	
 DEBUG [95947ce5] Finished in 0.409 seconds with exit status 0 (successful).
  INFO [9566c524] Running /usr/bin/env mkdir -p /tmp on 142.93.204.216
 DEBUG [9566c524] Command: /usr/bin/env mkdir -p /tmp
  INFO [4e593a74] Finished in 0.046 seconds with exit status 0 (successful).
 DEBUG Uploading /tmp/git-ssh-diffexdb-production-ahmed.mahmoud.sh 0.0%
  INFO Uploading /tmp/git-ssh-diffexdb-production-ahmed.mahmoud.sh 100.0%
  INFO [d9a7f862] Running /usr/bin/env chmod 700 /tmp/git-ssh-diffexdb-production-ahmed.mahmoud.sh on 142.93.204.216
 DEBUG [d9a7f862] Command: /usr/bin/env chmod 700 /tmp/git-ssh-diffexdb-production-ahmed.mahmoud.sh
  INFO [e4c91b98] Finished in 0.057 seconds with exit status 0 (successful).
  INFO [55d59e4c] Running /usr/bin/env git ls-remote git@github.com:mohmhm1/diffexdb.git HEAD on 142.93.204.216
 DEBUG [55d59e4c] Command: ( export GIT_ASKPASS="/bin/echo" GIT_SSH="/tmp/git-ssh-diffexdb-production-ahmed.mahmoud.sh" ; /usr/bin/env git ls-remote git@github.com:mohmhm1/diffexdb.git HEAD )
 DEBUG [0f9b053c] 	5f39d808dd523ac3068094e36670cb6f167ead69
 DEBUG [0f9b053c] 		
 DEBUG [0f9b053c] 	HEAD
 DEBUG [0f9b053c] 	
  INFO [0f9b053c] Finished in 0.274 seconds with exit status 0 (successful).
  INFO [1934b705] Running /usr/bin/env mkdir -p /home/deploy/apps/diffexdb/shared /home/deploy/apps/diffexdb/releases on 142.93.204.216
 DEBUG [1934b705] Command: /usr/bin/env mkdir -p /home/deploy/apps/diffexdb/shared /home/deploy/apps/diffexdb/releases
  INFO [e9de433c] Finished in 0.053 seconds with exit status 0 (successful).
  INFO [4c57d8f9] Running /usr/bin/env mkdir -p /home/deploy/apps/diffexdb/shared/public/assets on 142.93.204.216
 DEBUG [4c57d8f9] Command: /usr/bin/env mkdir -p /home/deploy/apps/diffexdb/shared/public/assets
  INFO [99bd54aa] Finished in 0.057 seconds with exit status 0 (successful).
  INFO [215f1788] Running /usr/bin/env mkdir -p /home/deploy/apps/diffexdb/shared/config on 142.93.204.216
 DEBUG [215f1788] Command: /usr/bin/env mkdir -p /home/deploy/apps/diffexdb/shared/config
  INFO [58b99a5b] Finished in 0.055 seconds with exit status 0 (successful).
 DEBUG [94f22ace] Running [ -f /home/deploy/apps/diffexdb/shared/config/secrets.yml ] on 142.93.204.216
 DEBUG [94f22ace] Command: [ -f /home/deploy/apps/diffexdb/shared/config/secrets.yml ]
 DEBUG [ad6f90ec] Finished in 0.054 seconds with exit status 0 (successful).
 DEBUG [4d6bc9f2] Running [ -f /home/deploy/apps/diffexdb/shared/puma.rb ] on 142.93.204.216
 DEBUG [4d6bc9f2] Command: [ -f /home/deploy/apps/diffexdb/shared/puma.rb ]
 DEBUG [70a908e8] Finished in 0.054 seconds with exit status 0 (successful).
 DEBUG [6b24c64f] Running [ -f /home/deploy/apps/diffexdb/current/REVISION ] on 142.93.204.216
 DEBUG [6b24c64f] Command: [ -f /home/deploy/apps/diffexdb/current/REVISION ]
 DEBUG [a235ccdb] Finished in 0.055 seconds with exit status 0 (successful).
 DEBUG [df6c6151] Running /usr/bin/env cat /home/deploy/apps/diffexdb/current/REVISION 2>/dev/null on 142.93.204.216
 DEBUG [df6c6151] Command: /usr/bin/env cat /home/deploy/apps/diffexdb/current/REVISION 2>/dev/null
 DEBUG [e4f8870f] 	ee0fd825bad7fa4c2ff90fb2f6be38fd8cb0e57a
 DEBUG [e4f8870f] Finished in 0.057 seconds with exit status 0 (successful).
 DEBUG [77dcffbe] Running [ -f /home/deploy/apps/diffexdb/repo/HEAD ] on 142.93.204.216
 DEBUG [77dcffbe] Command: [ -f /home/deploy/apps/diffexdb/repo/HEAD ]
 DEBUG [f5c5eb18] Finished in 0.056 seconds with exit status 0 (successful).
  INFO The repository mirror is at /home/deploy/apps/diffexdb/repo
 DEBUG [d121e060] Running if test ! -d /home/deploy/apps/diffexdb/repo; then echo "Directory does not exist '/home/deploy/apps/diffexdb/repo'" 1>&2; false; fi on 142.93.204.216
 DEBUG [d121e060] Command: if test ! -d /home/deploy/apps/diffexdb/repo; then echo "Directory does not exist '/home/deploy/apps/diffexdb/repo'" 1>&2; false; fi
 DEBUG [9af9339a] Finished in 0.053 seconds with exit status 0 (successful).
  INFO [ba53360b] Running /usr/bin/env git remote set-url origin git@github.com:mohmhm1/diffexdb.git on 142.93.204.216
 DEBUG [ba53360b] Command: cd /home/deploy/apps/diffexdb/repo && ( export GIT_ASKPASS="/bin/echo" GIT_SSH="/tmp/git-ssh-diffexdb-production-ahmed.mahmoud.sh" ; /usr/bin/env git remote set-url origin git@github.com:mohmhm1/diffexdb.git )
  INFO [5f99b2c9] Finished in 0.058 seconds with exit status 0 (successful).
  INFO [6f82bde8] Running /usr/bin/env git remote update --prune on 142.93.204.216
 DEBUG [6f82bde8] Command: cd /home/deploy/apps/diffexdb/repo && ( export GIT_ASKPASS="/bin/echo" GIT_SSH="/tmp/git-ssh-diffexdb-production-ahmed.mahmoud.sh" ; /usr/bin/env git remote update --prune )
 DEBUG [9d5b5b46] 	Fetching origin
 DEBUG [9d5b5b46] 	
 DEBUG [9d5b5b46] 	remote: Enumerating objects: 2201, done.[K
 DEBUG [9d5b5b46] 	
 DEBUG [9d5b5b46] 	remote: Counting objects:   0% (1/2201)   [K
 DEBUG [9d5b5b46] 	remote: Counting objects:   1% (23/2201)   [K
 DEBUG [9d5b5b46] 	remote: Counting objects:   2% (45/2201)   [K
 DEBUG [9d5b5b46] 	remote: Counting objects:   3% (67/2201)   [K
 DEBUG [9d5b5b46] 	remote: Counting objects:   4% (89/2201)   [K
 DEBUG [9d5b5b46] 	remote: Counting objects:   5% (111/2201)   [K
 DEBUG [9d5b5b46] 	remote: Counting objects:   6% (133/2201)   [K
 DEBUG [9d5b5b46] 	remote: Counting objects:   7% (155/2201)   [K
 DEBUG [9d5b5b46] 	remote: Counting objects:   8% (177/2201)   [K
 DEBUG [9d5b5b46] 	remote: Counting objects:   9% (199/2201)   [K
 DEBUG [9d5b5b46] 	remote: Counting objects:  10% (221/2201)   [K
 DEBUG [9d5b5b46] 	remote: Counting objects:  11% (243/2201)   [K
 DEBUG [9d5b5b46] 	remote: Counting objects:  12% (265/2201)   [K
 DEBUG [9d5b5b46] 	remote: Counting objects:  13% (287/2201)   [K
 DEBUG [9d5b5b46] 	remote: Counting objects:  14% (309/2201)   [K
 DEBUG [9d5b5b46] 	remote: Counting objects:  15% (331/2201)   [K
 DEBUG [9d5b5b46] 	remote: Counting objects:  16% (353/2201)   [K
 DEBUG [9d5b5b46] 	remote: Counting objects:  17% (375/2201)   [K
 DEBUG [9d5b5b46] 	remote: Counting objects:  18% (397/2201)   [K
 DEBUG [9d5b5b46] 	remote: Counting objects:  19% (419/2201)   [K
 DEBUG [9d5b5b46] 	remote: Counting objects:  20% (441/2201)   [K
 DEBUG [9d5b5b46] 	remote: Counting objects:  21% (463/2201)   [K
 DEBUG [9d5b5b46] 	remote: Counting objects:  22% (485/2201)   [K
 DEBUG [9d5b5b46] 	remote: Counting objects:  23% (507/2201)   [K
 DEBUG [9d5b5b46] 	remote: Counting objects:  24% (529/2201)   [K
 DEBUG [9d5b5b46] 	remote: Counting objects:  25% (551/2201)   [K
 DEBUG [9d5b5b46] 	remote: Counting objects:  26% (573/2201)   [K
 DEBUG [9d5b5b46] 	remote: Counting objects:  27% (595/2201)   [K
 DEBUG [9d5b5b46] 	remote: Counting objects:  28% (617/2201)   [K
 DEBUG [9d5b5b46] 	remote: Counting objects:  29% (639/2201)   [K
 DEBUG [9d5b5b46] 	remote: Counting objects:  30% (661/2201)   [K
 DEBUG [9d5b5b46] 	remote: Counting objects:  31% (683/2201)   [K
 DEBUG [9d5b5b46] 	remote: Counting objects:
 DEBUG [9d5b5b46] 	  32% (705/2201)   [K
 DEBUG [9d5b5b46] 	remote: Counting objects:  33% (727/2201)   [K
 DEBUG [9d5b5b46] 	remote: Counting objects:  34% (749/2201)   [K
 DEBUG [9d5b5b46] 	remote: Counting objects:  35% (771/2201)   [K
 DEBUG [9d5b5b46] 	remote: Counting objects:  36% (793/2201)   [K
 DEBUG [9d5b5b46] 	remote: Counting objects:  37% (815/2201)   [K
 DEBUG [9d5b5b46] 	remote: Counting objects:  38% (837/2201)   [K
 DEBUG [9d5b5b46] 	remote: Counting objects:  39% (859/2201)   [K
 DEBUG [9d5b5b46] 	remote: Counting objects:  40% (881/2201)   [K
 DEBUG [9d5b5b46] 	remote: Counting objects:  41% (903/2201)   [K
 DEBUG [9d5b5b46] 	remote: Counting objects:  42% (925/2201)   [K
 DEBUG [9d5b5b46] 	remote: Counting objects:  43% (947/2201)   [K
 DEBUG [9d5b5b46] 	remote: Counting objects:  44% (969/2201)   [K
 DEBUG [9d5b5b46] 	remote: Counting objects:  45% (991/2201)   [K
 DEBUG [9d5b5b46] 	remote: Counting objects:  46% (1013/2201)   [K
 DEBUG [9d5b5b46] 	remote: Counting objects:  47% (1035/2201)   [K
 DEBUG [9d5b5b46] 	remote: Counting objects:  48% (1057/2201)   [K
 DEBUG [9d5b5b46] 	remote: Counting objects:  49% (1079/2201)   [K
 DEBUG [9d5b5b46] 	remote: Counting objec
 DEBUG [9d5b5b46] 	ts:  50% (1101/2201)   [K
 DEBUG [9d5b5b46] 	remote: Counting objects:  51% (1123/2201)   [K
 DEBUG [9d5b5b46] 	remote: Counting objects:  52% (1145/2201)   [K
 DEBUG [9d5b5b46] 	remote: Counting objects:  53% (1167/2201)   [K
 DEBUG [9d5b5b46] 	remote: Counting objects:  54% (1189/2201)   [K
 DEBUG [9d5b5b46] 	remote: Counting objects:  55% (1211/2201)   [K
 DEBUG [9d5b5b46] 	remote: Counting objects:  56% (1233/2201)   [K
 DEBUG [9d5b5b46] 	remote: Counting objects:  57% (1255/2201)   [K
 DEBUG [9d5b5b46] 	remote: Counting objects:  58% (1277/2201)   [K
 DEBUG [9d5b5b46] 	remote: Counting objects:  59% (1299/2201)   [K
 DEBUG [9d5b5b46] 	remote: Counting objects:  60% (1321/2201)   [K
 DEBUG [9d5b5b46] 	remote: Counting objects:  61% (1343/2201)   [K
 DEBUG [9d5b5b46] 	remote: Counting objects:  62% (1365/2201)   [K
 DEBUG [9d5b5b46] 	remote: Counting objects:  63% (1387/2201)   [K
 DEBUG [9d5b5b46] 	remote: Counting objects:  64% (1409/2201)   [K
 DEBUG [9d5b5b46] 	remote: Counting objects:  65% (1431/2201)   [K
 DEBUG [9d5b5b46] 	remote: Counting objects:  66% (1453/2201)   [K
 DEBUG [9d5b5b46] 	remote: Counting objects:  67% (1475/2201)   [K
 DEBUG [9d5b5b46] 	remote: Counting objects:  68% (1497/2201)   [K
 DEBUG [9d5b5b46] 	remote: Counting objects:  69% (1519/2201)   [K
 DEBUG [9d5b5b46] 	remote: Counting objects:  70% (1541/2201)   [K
 DEBUG [9d5b5b46] 	remote: Counting objects:  71% (1563/2201)   [K
 DEBUG [9d5b5b46] 	remote: Counting objects:  72% (1585/2201)   [K
 DEBUG [9d5b5b46] 	remote: Counting objects:  73% (1607/2201)   [K
 DEBUG [9d5b5b46] 	remote: Counting objects:  74% (1629/2201)   [K
 DEBUG [9d5b5b46] 	remote: Counting objects:  75% (1651/2201)   [K
 DEBUG [9d5b5b46] 	remote: Counting objects:  76% (1673/2201)   [K
 DEBUG [9d5b5b46] 	remote: Counting objects:  77% (1695/2201)   [K
 DEBUG [9d5b5b46] 	remote: Counting objects:  78% (1717/2201)   [K
 DEBUG [9d5b5b46] 	remote: Counting objects:  79% (1739/2201)   [K
 DEBUG [9d5b5b46] 	remote: Counting objects:  80% (1761/2201)   [K
 DEBUG [9d5b5b46] 	remote: Counting objects:  81% (1783/2201)   [K
 DEBUG [9d5b5b46] 	remote: Counting objects:  82% (1805/2201)   [K
 DEBUG [9d5b5b46] 	remote: Counting objects:  83% (1827/2201)   [K
 DEBUG [9d5b5b46] 	remote: Counting objects:  84% (1849/2201)   [K
 DEBUG [9d5b5b46] 	remote: Counting objects:  85% (1871/2201)   [K
 DEBUG [9d5b5b46] 	remote: Counting objects:  86% (1893/2201)   [K
 DEBUG [9d5b5b46] 	remote: Counting objects:  87% (1915/2201)   [K
 DEBUG [9d5b5b46] 	remote: Counting objects:  88% (1937/2201)   [K
 DEBUG [9d5b5b46] 	remote: Counting objects:  89% (1959/2201)   [K
 DEBUG [9d5b5b46] 	remote: Counting objects:  90% (1981/2201)   [K
 DEBUG [9d5b5b46] 	remote: Counting objects:  91% (2003/2201)   [K
 DEBUG [9d5b5b46] 	remote: Counting objects:  92% (2025/2201)   [K
 DEBUG [9d5b5b46] 	remote: Counting objects:  93% (2047/2201)   [K
 DEBUG [9d5b5b46] 	remote: Counting objects:  94% (2069/2201)   [K
 DEBUG [9d5b5b46] 	remote: Counting objects:  95% (2091/2201)   [K
 DEBUG [9d5b5b46] 	remote: Counting objects:  96% (2113/2201)   [K
 DEBUG [9d5b5b46] 	remote: Counting objects:  97% (2135/2201)   [K
 DEBUG [9d5b5b46] 	remote: Counting objects:  98% (2157/2201)   [K
 DEBUG [9d5b5b46] 	remote: Counting objects:  99% (2179/2201)   [K
 DEBUG [9d5b5b46] 	remote: Counting objec
 DEBUG [9d5b5b46] 	ts: 100% (2201/2201)   [K
 DEBUG [9d5b5b46] 	remote: Counting objects: 100% (2201/2201), done.[K
 DEBUG [9d5b5b46] 	
 DEBUG [9d5b5b46] 	remote: Compressing objects:   0% (1/745)   [K
 DEBUG [9d5b5b46] 	remote: Compressing objects:   1% (8/745)   [K
 DEBUG [9d5b5b46] 	remote: Compressing objects:   2% (15/745)   [K
 DEBUG [9d5b5b46] 	remote: Compressing objects:   3% (23/745)   [K
 DEBUG [9d5b5b46] 	remote: Compressing objects:   4% (30/745)   [K
 DEBUG [9d5b5b46] 	remote: Compressing objects:   5% (38/745)   [K
 DEBUG [9d5b5b46] 	remote: Compressing objects:   6% (45/745)   [K
 DEBUG [9d5b5b46] 	remote: Compressing objects:   7% (53/745)   [K
 DEBUG [9d5b5b46] 	remote: Compressing objects:   8% (60/745)   [K
 DEBUG [9d5b5b46] 	remote: Compressing objects:   9% (68/745)   [K
 DEBUG [9d5b5b46] 	remote: Compressing objects:  10% (75/745)   [K
 DEBUG [9d5b5b46] 	remote: Compressing objects:  11% (82/745)   [K
 DEBUG [9d5b5b46] 	remote: Compressing objects:  12% (90/745)   [K
 DEBUG [9d5b5b46] 	remote: Compressing objects:  13% (97/745)   [K
 DEBUG [9d5b5b46] 	remote: Compressing objects:  14% (105/745)   [K
 DEBUG [9d5b5b46] 	remote: Compressing objects:  15% (112/745)   [K
 DEBUG [9d5b5b46] 	remote: Compressing objects:  16% (120/745)   [K
 DEBUG [9d5b5b46] 	remote: Compressing objects:  17% (127/745)   [K
 DEBUG [9d5b5b46] 	remote: Compressing objects:  18% (135/745)   [K
 DEBUG [9d5b5b46] 	remote: Compressing objects:  19% (142/745)   [K
 DEBUG [9d5b5b46] 	remote: Compressing objects:  20% (149/745)   [K
 DEBUG [9d5b5b46] 	remote: Compressing objects:  21% (157/745)   [K
 DEBUG [9d5b5b46] 	remote: Compressing objects:  22% (164/745)   [K
 DEBUG [9d5b5b46] 	remote: Compressing objects:  23% (172/745)   [K
 DEBUG [9d5b5b46] 	remote: Compressing objects:  24% (179/745)   [K
 DEBUG [9d5b5b46] 	remote: Compressing objects:  25% (187/745)   [K
 DEBUG [9d5b5b46] 	remote: Compressing objects:  26% (194/745)   [K
 DEBUG [9d5b5b46] 	remote: Compressing objects:  27% (202/745)   [K
 DEBUG [9d5b5b46] 	remote: Compressing objects:  28% (209/745)   [K
 DEBUG [9d5b5b46] 	remote: Compressing objects:  29% (217/745)   [K
 DEBUG [9d5b5b46] 	remote: Compressing objects:  30% (224/745)   [K
 DEBUG [9d5b5b46] 	remote: Compressing objects:  31% (231/745)   [K
 DEBUG [9d5b5b46] 	remote: Compressing objects:  32% (239/745)   [K
 DEBUG [9d5b5b46] 	remote: Compressing objects:  33% (246/745)   [K
 DEBUG [9d5b5b46] 	remote: Compressing objects:  34% (254/745)   [K
 DEBUG [9d5b5b46] 	remote: Compressing objects:  35% (261/745)   [K
 DEBUG [9d5b5b46] 	remote: Compressing objects:  36% (269/745)   [K
 DEBUG [9d5b5b46] 	remote: Compressing objects:  37% (276/745)   [K
 DEBUG [9d5b5b46] 	remote: Compressing objects:  38% (284/745)   [K
 DEBUG [9d5b5b46] 	remote: Compressing objects:  39% (291/745)   [K
 DEBUG [9d5b5b46] 	remote: Compressing objects:  40% (298/745)   [K
 DEBUG [9d5b5b46] 	remote: Compressing objects:  41% (306/745)   [K
 DEBUG [9d5b5b46] 	remote: Compressing objects:  42% (313/745)   [K
 DEBUG [9d5b5b46] 	remote: Compressing objects:  43% (321/745)   [K
 DEBUG [9d5b5b46] 	remote: Compressing objects:  44% (328/745)   [K
 DEBUG [9d5b5b46] 	remote: Compressing objects:  45% (336/745)   [K
 DEBUG [9d5b5b46] 	remote: Compressing objects:  46% (343/745)   [K
 DEBUG [9d5b5b46] 	remote: Compressing objects:  47% (351/745)   [K
 DEBUG [9d5b5b46] 	remote: Compressing objects:  48% (358/745)   [K
 DEBUG [9d5b5b46] 	remote: Compressing objects:  49% (366/745)   [K
 DEBUG [9d5b5b46] 	remote: Compressing objects:  50% (373/745)   [K
 DEBUG [9d5b5b46] 	remote: Compressing objects:  51% (380/745)   [K
 DEBUG [9d5b5b46] 	remote: Compressing objects:  52% (388/745)   [K
 DEBUG [9d5b5b46] 	remote: Compressing objects:  53% (395/745)   [K
 DEBUG [9d5b5b46] 	remote: Compressing objects:  54% (403/745)   [K
 DEBUG [9d5b5b46] 	remote: Compressing objects:  55% (410/745)   [K
 DEBUG [9d5b5b46] 	remote: Compressing objects:  56% (418/745)   [K
 DEBUG [9d5b5b46] 	remote: Compressing objects:  57% (425/745)   [K
 DEBUG [9d5b5b46] 	remote: Compressing objects:  58% (433/745)   [K
 DEBUG [9d5b5b46] 	remote: Compressing objects:  59% (440/745)   [K
 DEBUG [9d5b5b46] 	remote: Compressing objects:  60% (447/745)   [K
 DEBUG [9d5b5b46] 	remote: Compressing objects:  61% (455/745)   [K
 DEBUG [9d5b5b46] 	remote: Compressing objects:  62% (462/745)   [K
 DEBUG [9d5b5b46] 	remote: Compressing objects:  63% (470/745)   [K
 DEBUG [9d5b5b46] 	remote: Compressing objects:  64% (477/745)   [K
 DEBUG [9d5b5b46] 	remote: Compressing objects:  65% (485/745)   [K
 DEBUG [9d5b5b46] 	remote: Compressing objects:  66% (492/745)   [K
 DEBUG [9d5b5b46] 	remote: Compressing objects:  67% (500/745)   [K
 DEBUG [9d5b5b46] 	remote: Compressing objects:  68% (507/745)   [K
 DEBUG [9d5b5b46] 	remote: Compressing objects:  69% (515/745)   [K
 DEBUG [9d5b5b46] 	remote: Compressing objects:  70% (522/745)   [K
 DEBUG [9d5b5b46] 	remote: Compressing objects:  71% (529/745)   [K
 DEBUG [9d5b5b46] 	remote: Compressing objects:  72% (537/745)   [K
 DEBUG [9d5b5b46] 	remote: Compressing objects:  73% (544/745)   [K
 DEBUG [9d5b5b46] 	remote: Compressing objects:  74% (552/745)   [K
 DEBUG [9d5b5b46] 	remote: Compressing objects:  75% (559/745)   [K
 DEBUG [9d5b5b46] 	remote: Compressing objects:  76% (567/745)   [K
 DEBUG [9d5b5b46] 	remote: Compressing objects:  77% (574/745)   [K
 DEBUG [9d5b5b46] 	remote: Compressing objects:  78% (582/745)   [K
 DEBUG [9d5b5b46] 	remote: Compressing objects:  79% (589/745)   [K
 DEBUG [9d5b5b46] 	remote: Compressing objects:  80% (596/745)   [K
 DEBUG [9d5b5b46] 	remote: Compressing objects:  81% (604/745)   [K
 DEBUG [9d5b5b46] 	remote: Compressing objects:  82% (611/745)   [K
 DEBUG [9d5b5b46] 	remote: Compressing objects:  83% (619/745)   [K
 DEBUG [9d5b5b46] 	remote: Compressing objects:  84% (626/745)   [K
 DEBUG [9d5b5b46] 	remote: Compressing objects:  85% (634/745)   [K
 DEBUG [9d5b5b46] 	remote: Compressing objects:  86% (641/745)   [K
 DEBUG [9d5b5b46] 	remote: Compressing objects:  87% (649/745)   [K
 DEBUG [9d5b5b46] 	remote: Compressing objects:  88% (656/745)   [K
 DEBUG [9d5b5b46] 	remote: Compressing objects:  89% (664/745)   [K
 DEBUG [9d5b5b46] 	remote: Compressing objects:  90% (671/745)   [K
 DEBUG [9d5b5b46] 	remote: Compressing objects:  91% (678/745)   [K
 DEBUG [9d5b5b46] 	remote: Compressing objects:  92% (686/745)   [K
 DEBUG [9d5b5b46] 	remote: Compressing objects:  93% (693/745)   [K
 DEBUG [9d5b5b46] 	remote: Compressing objects:  94% (701/745)   [K
 DEBUG [9d5b5b46] 	remote: Compressing objects:  95% (708/745)   [K
 DEBUG [9d5b5b46] 	remote: Compressing objects:  96% (716/745)   [K
 DEBUG [9d5b5b46] 	remote: Compressing objects:  97% (723/745)   [K
 DEBUG [9d5b5b46] 	remote: Compressing objects:  98% (731/745)   [K
 DEBUG [9d5b5b46] 	remote: Compressing objects:  99% (738/745)   [K
 DEBUG [9d5b5b46] 	remote: Compressing objects: 100% (745/745)   [K
 DEBUG [9d5b5b46] 	remote: Compressing objects: 100% (745/745), done.[K
 DEBUG [9d5b5b46] 	
 DEBUG [9d5b5b46] 	Receiving objects:   0% (1/1662)   
 DEBUG [9d5b5b46] 	Receiving objects:   1% (17/1662)   
 DEBUG [9d5b5b46] 	Receiving objects:   2% (34/1662)   
 DEBUG [9d5b5b46] 	Receiving objects:   3% (50/1662)   
 DEBUG [9d5b5b46] 	Receiving objects:   4% (67/1662)   
 DEBUG [9d5b5b46] 	Receiving objects:   5% (84/1662)   
 DEBUG [9d5b5b46] 	Receiving objects:   6% (100/1662)   
 DEBUG [9d5b5b46] 	Receiving objects:   7% (117/1662)   
 DEBUG [9d5b5b46] 	Receiving objects:   8% (133/1662)   
 DEBUG [9d5b5b46] 	Receiving objects:   9% (150/1662)   
 DEBUG [9d5b5b46] 	Receiving objects:  10% (167/1662)   
 DEBUG [9d5b5b46] 	Receiving objects:  11% (183/1662)   
 DEBUG [9d5b5b46] 	Receiving objects:  12% (200/1662)   
 DEBUG [9d5b5b46] 	Receiving objects:  13% (217/1662)   
 DEBUG [9d5b5b46] 	Receiving objects:  14% (233/1662)   
 DEBUG [9d5b5b46] 	Receiving objects:  15% (250/1662)   
 DEBUG [9d5b5b46] 	Receiving objects:  16% (266/1662)   
 DEBUG [9d5b5b46] 	Receiving objects:  17% (283/1662)   
 DEBUG [9d5b5b46] 	Receiving objects:  18% (300/1662)   
 DEBUG [9d5b5b46] 	Receiving objects:  19% (316/1662)   
 DEBUG [9d5b5b46] 	Receiving objects:  20% (333/1662)   
 DEBUG [9d5b5b46] 	Receiving objects:  21% (350/1662)   
 DEBUG [9d5b5b46] 	Receiving objects:  22% (366/1662)   
 DEBUG [9d5b5b46] 	Receiving objects:  23% (383/1662)   
 DEBUG [9d5b5b46] 	Receiving objects:  24% (399/1662)   
 DEBUG [9d5b5b46] 	Receiving objects:  25% (416/1662)   
 DEBUG [9d5b5b46] 	Receiving objects:  26% (433/1662)   
 DEBUG [9d5b5b46] 	Receiving objects:  27% (449/1662)   
 DEBUG [9d5b5b46] 	Receiving objects:  28% (466/1662)   
 DEBUG [9d5b5b46] 	Receiving objects:  29% (482/1662)   
 DEBUG [9d5b5b46] 	Receiving objects:  30% (499/1662)   
 DEBUG [9d5b5b46] 	Receiving objects:  31% (516/1662)   
 DEBUG [9d5b5b46] 	Receiving objects:  32% (532/1662)   
 DEBUG [9d5b5b46] 	Receiving objects:  33% (549/1662)   
 DEBUG [9d5b5b46] 	Receiving objects:  34% (566/1662)   
 DEBUG [9d5b5b46] 	Receiving objects:  35% (582/1662)   
 DEBUG [9d5b5b46] 	Receiving objects:  36% (599/1662)   
 DEBUG [9d5b5b46] 	Receiving objects:  37% (615/1662)   
 DEBUG [9d5b5b46] 	Receiving objects:  38% (632/1662)   
 DEBUG [9d5b5b46] 	Receiving objects:  39% (649/1662)   
 DEBUG [9d5b5b46] 	Receiving objects:  40% (665/1662)   
 DEBUG [9d5b5b46] 	Receiving objects:  41% (682/1662)   
 DEBUG [9d5b5b46] 	Receiving objects:  42% (699/1662)   
 DEBUG [9d5b5b46] 	Receiving objects:  43% (715/1662)   
 DEBUG [9d5b5b46] 	Receiving objects:  44% (732/1662)   
 DEBUG [9d5b5b46] 	Receiving objects:  45% (748/1662)   
 DEBUG [9d5b5b46] 	Receiving objects:  46% (765/1662)   
 DEBUG [9d5b5b46] 	Receiving objects:  47% (782/1662)   
 DEBUG [9d5b5b46] 	Receiving objects:  48% (798/1662)   
 DEBUG [9d5b5b46] 	Receiving objects:  49% (815/1662)   
 DEBUG [9d5b5b46] 	Receiving objects:  50% (831/1662)   
 DEBUG [9d5b5b46] 	Receiving objects:  51% (848/1662)   
 DEBUG [9d5b5b46] 	Receiving objects:  52% (865/1662)   
 DEBUG [9d5b5b46] 	Receiving objects:  53% (881/1662)   
 DEBUG [9d5b5b46] 	Receiving objects:  54% (898/1662)   
 DEBUG [9d5b5b46] 	Receiving objects:  55% (915/1662)   
 DEBUG [9d5b5b46] 	Receiving objects:  56% (931/1662)   
 DEBUG [9d5b5b46] 	Receiving objects:  57% (948/1662)   
 DEBUG [9d5b5b46] 	Receiving objects:  58% (964/1662)   
 DEBUG [9d5b5b46] 	Receiving objects:  59% (981/1662)   
 DEBUG [9d5b5b46] 	Receiving objects:  60% (998/1662)   
 DEBUG [9d5b5b46] 	Receiving objects:  61% (1014/1662)   
 DEBUG [9d5b5b46] 	Receiving objects:  62% (1031/1662)   
 DEBUG [9d5b5b46] 	Receiving objects:  63% (1048/1662)   
 DEBUG [9d5b5b46] 	Receiving objects:  64% (1064/1662)   
 DEBUG [9d5b5b46] 	Receiving objects:  65% (1081/1662)   
 DEBUG [9d5b5b46] 	Receiving objects:  66% (1097/1662)   
 DEBUG [9d5b5b46] 	Receiving objects:  67% (1114/1662)   
 DEBUG [9d5b5b46] 	Receiving objects:  68% (1131/1662)   
 DEBUG [9d5b5b46] 	Receiving objects:  69% (1147/1662)   
 DEBUG [9d5b5b46] 	Receiving objects:  70% (1164/1662)   
 DEBUG [9d5b5b46] 	Receiving objects:  71% (1181/1662)   
 DEBUG [9d5b5b46] 	Receiving objects:  71% (1196/1662), 11.56 MiB | 11.53 MiB/s   
 DEBUG [9d5b5b46] 	Receiving objects:  72% (1197/1662), 11.56 MiB | 11.53 MiB/s   
 DEBUG [9d5b5b46] 	remote: Total 1662 (delta 979), reused 1292 (delta 867), pack-reused 0[K
 DEBUG [9d5b5b46] 	
 DEBUG [9d5b5b46] 	Receiving objects:  73% (1214/1662), 11.56 MiB | 11.53 MiB/s   
 DEBUG [9d5b5b46] 	Receiving objects:  74% (1230/1662), 11.56 MiB | 11.53 MiB/s   
 DEBUG [9d5b5b46] 	Receiving objects:  75% (1247/1662), 11.56 MiB | 11.53 MiB/s   
 DEBUG [9d5b5b46] 	Receiving objects:  76% (1264/1662), 11.56 MiB | 11.53 MiB/s   
 DEBUG [9d5b5b46] 	Receiving objects:  77% (1280/1662), 11.56 MiB | 11.53 MiB/s   
 DEBUG [9d5b5b46] 	Receiving objects:  78% (1297/1662), 11.56 MiB | 11.53 MiB/s   
 DEBUG [9d5b5b46] 	Receiving objects:  79% (1313/1662), 11.56 MiB | 11.53 MiB/s   
 DEBUG [9d5b5b46] 	Receiving objects:  80% (1330/1662), 11.56 MiB | 11.53 MiB/s   
 DEBUG [9d5b5b46] 	Receiving objects:  81% (1347/1662), 11.56 MiB | 11.53 MiB/s   
 DEBUG [9d5b5b46] 	Receiving objects:  82% (1363/1662), 11.56 MiB | 11.53 MiB/s   
 DEBUG [9d5b5b46] 	Receiving objects:  83% (1380/1662), 11.56 MiB | 11.53 MiB/s   
 DEBUG [9d5b5b46] 	Receiving objects:  84% (1397/1662), 11.56 MiB | 11.53 MiB/s   
 DEBUG [9d5b5b46] 	Receiving objects:  85% (1413/1662), 11.56 MiB | 11.53 MiB/s   
 DEBUG [9d5b5b46] 	Receiving objects:  86% (1430/1662), 11.56 MiB | 11.53 MiB/s   
 DEBUG [9d5b5b46] 	Receiving objects:  87% (1446/1662), 11.56 MiB | 11.53 MiB/s   
 DEBUG [9d5b5b46] 	Receiving objects:  88% (1463/1662), 11.56 MiB | 11.53 MiB/s   
 DEBUG [9d5b5b46] 	Receiving objects:  89% (1480/1662), 11.56 MiB | 11.53 MiB/s   
 DEBUG [9d5b5b46] 	Receiving objects:  90% (1496/1662), 11.56 MiB | 11.53 MiB/s   
 DEBUG [9d5b5b46] 	Receiving objects:  91% (1513/1662), 11.56 MiB | 11.53 MiB/s   
 DEBUG [9d5b5b46] 	Receiving objects:  92% (1530/1662), 11.56 MiB | 11.53 MiB/s   
 DEBUG [9d5b5b46] 	Receiving objects:  93% (1546/1662), 11.56 MiB | 11.53 MiB/s   
 DEBUG [9d5b5b46] 	Receiving objects:  94% (1563/1662), 11.56 MiB | 11.53 MiB/s   
 DEBUG [9d5b5b46] 	Receiving objects:  95% (1579/1662), 11.56 MiB | 11.53 MiB/s   
 DEBUG [9d5b5b46] 	Receiving objects:  96% (1596/1662), 11.56 MiB | 11.53 MiB/s   
 DEBUG [9d5b5b46] 	Receiving objects:  97% (1613/1662), 11.56 MiB | 11.53 MiB/s   
 DEBUG [9d5b5b46] 	Receiving objects:  98% (1629/1662), 11.56 MiB | 11.53 MiB/s   
 DEBUG [9d5b5b46] 	Receiving objects:  99% (1646/1662), 11.56 MiB | 11.53 MiB/s   
 DEBUG [9d5b5b46] 	Receiving objects: 100% (1662/1662), 11.56 MiB | 11.53 MiB/s   
 DEBUG [9d5b5b46] 	Receiving objects: 100% (1662/1662), 12.43 MiB | 11.53 MiB/s, done.
 DEBUG [9d5b5b46] 	
 DEBUG [9d5b5b46] 	Resolving deltas:   0% (0/979)   
 DEBUG [9d5b5b46] 	Resolving deltas:   1% (13/979)   
 DEBUG [9d5b5b46] 	Resolving deltas:   3% (36/979)   
 DEBUG [9d5b5b46] 	Resolving deltas:   5% (58/979)   
 DEBUG [9d5b5b46] 	Resolving deltas:   8% (80/979)   
 DEBUG [9d5b5b46] 	Resolving deltas:  10% (98/979)   
 DEBUG [9d5b5b46] 	Resolving deltas:  11% (108/979)   
 DEBUG [9d5b5b46] 	Resolving deltas:  12% (122/979)   
 DEBUG [9d5b5b46] 	Resolving deltas:  13% (137/979)   
 DEBUG [9d5b5b46] 	Resolving deltas:  14% (138/979)   
 DEBUG [9d5b5b46] 	Resolving deltas:  15% (150/979)   
 DEBUG [9d5b5b46] 	Resolving deltas:  16% (160/979)   
 DEBUG [9d5b5b46] 	Resolving deltas:  17% (167/979)   
 DEBUG [9d5b5b46] 	Resolving deltas:  18% (178/979)   
 DEBUG [9d5b5b46] 	Resolving deltas:  19% (187/979)   
 DEBUG [9d5b5b46] 	Resolving deltas:  20% (201/979)   
 DEBUG [9d5b5b46] 	Resolving deltas:  21% (207/979)   
 DEBUG [9d5b5b46] 	Resolving deltas:  22% (216/979)   
 DEBUG [9d5b5b46] 	Resolving deltas:  23% (226/979)   
 DEBUG [9d5b5b46] 	Resolving deltas:  24% (235/979)   
 DEBUG [9d5b5b46] 	Resolving deltas:  25% (245/979)   
 DEBUG [9d5b5b46] 	Resolving deltas:  26% (255/979)   
 DEBUG [9d5b5b46] 	Resolving deltas:  27% (270/979)   
 DEBUG [9d5b5b46] 	Resolving deltas:  29% (285/979)   
 DEBUG [9d5b5b46] 	Resolving deltas:  31% (313/979)   
 DEBUG [9d5b5b46] 	Resolving deltas:  33% (329/979)   
 DEBUG [9d5b5b46] 	Resolving deltas:  34% (337/979)   
 DEBUG [9d5b5b46] 	Resolving deltas:  35% (349/979)   
 DEBUG [9d5b5b46] 	Resolving deltas:  36% (354/979)   
 DEBUG [9d5b5b46] 	Resolving deltas:  38% (381/979)   
 DEBUG [9d5b5b46] 	Resolving deltas:  39% (382/979)   
 DEBUG [9d5b5b46] 	Resolving deltas:  40% (393/979)   
 DEBUG [9d5b5b46] 	Resolving deltas:  41% (402/979)   
 DEBUG [9d5b5b46] 	Resolving deltas:  42% (413/979)   
 DEBUG [9d5b5b46] 	Resolving deltas:  43% (421/979)   
 DEBUG [9d5b5b46] 	Resolving deltas:  44% (437/979)   
 DEBUG [9d5b5b46] 	Resolving deltas:  45% (442/979)   
 DEBUG [9d5b5b46] 	Resolving deltas:  46% (451/979)   
 DEBUG [9d5b5b46] 	Resolving deltas:  47% (463/979)   
 DEBUG [9d5b5b46] 	Resolving deltas:  48% (470/979)   
 DEBUG [9d5b5b46] 	Resolving deltas:  49% (481/979)   
 DEBUG [9d5b5b46] 	Resolving deltas:  50% (491/979)   
 DEBUG [9d5b5b46] 	Resolving deltas:  51% (500/979)   
 DEBUG [9d5b5b46] 	Resolving deltas:  52% (510/979)   
 DEBUG [9d5b5b46] 	Resolving deltas:  53% (521/979)   
 DEBUG [9d5b5b46] 	Resolving deltas:  54% (530/979)   
 DEBUG [9d5b5b46] 	Resolving deltas:  55% (539/979)   
 DEBUG [9d5b5b46] 	Resolving deltas:  56% (550/979)   
 DEBUG [9d5b5b46] 	Resolving deltas:  57% (559/979)   
 DEBUG [9d5b5b46] 	Resolving deltas:  58% (568/979)   
 DEBUG [9d5b5b46] 	Resolving deltas:  59% (578/979)   
 DEBUG [9d5b5b46] 	Resolving deltas:  60% (589/979)   
 DEBUG [9d5b5b46] 	Resolving deltas:  61% (600/979)   
 DEBUG [9d5b5b46] 	Resolving deltas:  62% (611/979)   
 DEBUG [9d5b5b46] 	Resolving deltas:  63% (617/979)   
 DEBUG [9d5b5b46] 	Resolving deltas:  64% (627/979)   
 DEBUG [9d5b5b46] 	Resolving deltas:  65% (638/979)   
 DEBUG [9d5b5b46] 	Resolving deltas:  66% (647/979)   
 DEBUG [9d5b5b46] 	Resolving deltas:  67% (656/979)   
 DEBUG [9d5b5b46] 	Resolving deltas:  68% (666/979)   
 DEBUG [9d5b5b46] 	Resolving deltas:  69% (677/979)   
 DEBUG [9d5b5b46] 	Resolving deltas:  70% (687/979)   
 DEBUG [9d5b5b46] 	Resolving deltas:  71% (697/979)   
 DEBUG [9d5b5b46] 	Resolving deltas:  72% (705/979)   
 DEBUG [9d5b5b46] 	Resolving deltas:  73% (715/979)   
 DEBUG [9d5b5b46] 	Resolving deltas:  74% (725/979)   
 DEBUG [9d5b5b46] 	Resolving deltas:  75% (735/979)   
 DEBUG [9d5b5b46] 	Resolving deltas:  76% (745/979)   
 DEBUG [9d5b5b46] 	Resolving deltas:  77% (754/979)   
 DEBUG [9d5b5b46] 	Resolving deltas:  78% (764/979)   
 DEBUG [9d5b5b46] 	Resolving deltas:  79% (774/979)   
 DEBUG [9d5b5b46] 	Resolving deltas:  80% (784/979)   
 DEBUG [9d5b5b46] 	Resolving deltas:  81% (793/979)   
 DEBUG [9d5b5b46] 	Resolving deltas:  82% (803/979)   
 DEBUG [9d5b5b46] 	Resolving deltas:  83% (813/979)   
 DEBUG [9d5b5b46] 	Resolving deltas:  84% (824/979)   
 DEBUG [9d5b5b46] 	Resolving deltas:  85% (833/979)   
 DEBUG [9d5b5b46] 	Resolving deltas:  86% (842/979)   
 DEBUG [9d5b5b46] 	Resolving deltas:  87% (852/979)   
 DEBUG [9d5b5b46] 	Resolving deltas:  88% (862/979)   
 DEBUG [9d5b5b46] 	Resolving deltas:  89% (872/979)   
 DEBUG [9d5b5b46] 	Resolving deltas:  90% (882/979)   
 DEBUG [9d5b5b46] 	Resolving deltas:  91% (891/979)   
 DEBUG [9d5b5b46] 	Resolving deltas:  92% (901/979)   
 DEBUG [9d5b5b46] 	Resolving deltas:  93% (911/979)   
 DEBUG [9d5b5b46] 	Resolving deltas:  94% (923/979)   
 DEBUG [9d5b5b46] 	Resolving deltas:  95% (931/979)   
 DEBUG [9d5b5b46] 	Resolving deltas:  96% (940/979)   
 DEBUG [9d5b5b46] 	Resolving deltas:  97% (950/979)   
 DEBUG [9d5b5b46] 	Resolving deltas:  98% (960/979)   
 DEBUG [9d5b5b46] 	Resolving deltas:  99% (970/979)   
 DEBUG [9d5b5b46] 	Resolving deltas: 100% (979/979)   
 DEBUG [9d5b5b46] 	Resolving deltas: 100% (979/979), completed with 407 local objects.
 DEBUG [9d5b5b46] 	
 DEBUG [9d5b5b46] 	From github.com:mohmhm1/diffexdb
 DEBUG [9d5b5b46] 	
 DEBUG [9d5b5b46] 	 + 1b4a7a9...5f39d80 master     -> master  (forced update)
 DEBUG [9d5b5b46] 	
  INFO [9d5b5b46] Finished in 2.175 seconds with exit status 0 (successful).
 DEBUG [27fa6bcb] Running if test ! -d /home/deploy/apps/diffexdb/repo; then echo "Directory does not exist '/home/deploy/apps/diffexdb/repo'" 1>&2; false; fi on 142.93.204.216
 DEBUG [27fa6bcb] Command: if test ! -d /home/deploy/apps/diffexdb/repo; then echo "Directory does not exist '/home/deploy/apps/diffexdb/repo'" 1>&2; false; fi
 DEBUG [32e0d782] Finished in 0.056 seconds with exit status 0 (successful).
  INFO [e46c8984] Running /usr/bin/env mkdir -p /home/deploy/apps/diffexdb/releases/20190226181655 on 142.93.204.216
 DEBUG [e46c8984] Command: cd /home/deploy/apps/diffexdb/repo && ( export GIT_ASKPASS="/bin/echo" GIT_SSH="/tmp/git-ssh-diffexdb-production-ahmed.mahmoud.sh" ; /usr/bin/env mkdir -p /home/deploy/apps/diffexdb/releases/20190226181655 )
  INFO [907610b0] Finished in 0.061 seconds with exit status 0 (successful).
  INFO [5af7c72e] Running /usr/bin/env git archive master | /usr/bin/env tar -x -f - -C /home/deploy/apps/diffexdb/releases/20190226181655 on 142.93.204.216
 DEBUG [5af7c72e] Command: cd /home/deploy/apps/diffexdb/repo && ( export GIT_ASKPASS="/bin/echo" GIT_SSH="/tmp/git-ssh-diffexdb-production-ahmed.mahmoud.sh" ; /usr/bin/env git archive master | /usr/bin/env tar -x -f - -C /home/deploy/apps/diffexdb/releases/20190226181655 )
  INFO [16da6216] Finished in 0.544 seconds with exit status 0 (successful).
 DEBUG [591753fd] Running if test ! -d /home/deploy/apps/diffexdb/repo; then echo "Directory does not exist '/home/deploy/apps/diffexdb/repo'" 1>&2; false; fi on 142.93.204.216
 DEBUG [591753fd] Command: if test ! -d /home/deploy/apps/diffexdb/repo; then echo "Directory does not exist '/home/deploy/apps/diffexdb/repo'" 1>&2; false; fi
 DEBUG [0baf0247] Finished in 0.055 seconds with exit status 0 (successful).
 DEBUG [23a80dbd] Running /usr/bin/env git rev-list --max-count=1 master on 142.93.204.216
 DEBUG [23a80dbd] Command: cd /home/deploy/apps/diffexdb/repo && ( export GIT_ASKPASS="/bin/echo" GIT_SSH="/tmp/git-ssh-diffexdb-production-ahmed.mahmoud.sh" ; /usr/bin/env git rev-list --max-count=1 master )
 DEBUG [9add382c] 	5f39d808dd523ac3068094e36670cb6f167ead69
 DEBUG [9add382c] 	
 DEBUG [9add382c] Finished in 0.060 seconds with exit status 0 (successful).
 DEBUG [c783fda4] Running if test ! -d /home/deploy/apps/diffexdb/releases/20190226181655; then echo "Directory does not exist '/home/deploy/apps/diffexdb/releases/20190226181655'" 1>&2; false; fi on 142.93.204.216
 DEBUG [c783fda4] Command: if test ! -d /home/deploy/apps/diffexdb/releases/20190226181655; then echo "Directory does not exist '/home/deploy/apps/diffexdb/releases/20190226181655'" 1>&2; false; fi
 DEBUG [fc991417] Finished in 0.053 seconds with exit status 0 (successful).
  INFO [4e931896] Running /usr/bin/env echo "5f39d808dd523ac3068094e36670cb6f167ead69" >> REVISION on 142.93.204.216
 DEBUG [4e931896] Command: cd /home/deploy/apps/diffexdb/releases/20190226181655 && /usr/bin/env echo "5f39d808dd523ac3068094e36670cb6f167ead69" >> REVISION
  INFO [1a3fbe41] Finished in 0.057 seconds with exit status 0 (successful).
  INFO [fa493840] Running /usr/bin/env mkdir -p /home/deploy/apps/diffexdb/releases/20190226181655/config on 142.93.204.216
 DEBUG [fa493840] Command: /usr/bin/env mkdir -p /home/deploy/apps/diffexdb/releases/20190226181655/config
  INFO [1ea496ea] Finished in 0.056 seconds with exit status 0 (successful).
 DEBUG [22e6637f] Running [ -L /home/deploy/apps/diffexdb/releases/20190226181655/config/secrets.yml ] on 142.93.204.216
 DEBUG [22e6637f] Command: [ -L /home/deploy/apps/diffexdb/releases/20190226181655/config/secrets.yml ]
 DEBUG [84f68a9d] Finished in 0.053 seconds with exit status 1 (failed).
 DEBUG [f78c6789] Running [ -f /home/deploy/apps/diffexdb/releases/20190226181655/config/secrets.yml ] on 142.93.204.216
 DEBUG [f78c6789] Command: [ -f /home/deploy/apps/diffexdb/releases/20190226181655/config/secrets.yml ]
 DEBUG [eb5db11a] Finished in 0.057 seconds with exit status 0 (successful).
  INFO [8d039fec] Running /usr/bin/env rm /home/deploy/apps/diffexdb/releases/20190226181655/config/secrets.yml on 142.93.204.216
 DEBUG [8d039fec] Command: /usr/bin/env rm /home/deploy/apps/diffexdb/releases/20190226181655/config/secrets.yml
  INFO [92511e1c] Finished in 0.055 seconds with exit status 0 (successful).
  INFO [e8768a21] Running /usr/bin/env ln -s /home/deploy/apps/diffexdb/shared/config/secrets.yml /home/deploy/apps/diffexdb/releases/20190226181655/config/secrets.yml on 142.93.204.216
 DEBUG [e8768a21] Command: /usr/bin/env ln -s /home/deploy/apps/diffexdb/shared/config/secrets.yml /home/deploy/apps/diffexdb/releases/20190226181655/config/secrets.yml
  INFO [3991f5a4] Finished in 0.055 seconds with exit status 0 (successful).
  INFO [a5d7cc9d] Running /usr/bin/env mkdir -p /home/deploy/apps/diffexdb/releases/20190226181655/public on 142.93.204.216
 DEBUG [a5d7cc9d] Command: /usr/bin/env mkdir -p /home/deploy/apps/diffexdb/releases/20190226181655/public
  INFO [a50f6dfc] Finished in 0.062 seconds with exit status 0 (successful).
 DEBUG [b1333329] Running [ -L /home/deploy/apps/diffexdb/releases/20190226181655/public/assets ] on 142.93.204.216
 DEBUG [b1333329] Command: [ -L /home/deploy/apps/diffexdb/releases/20190226181655/public/assets ]
 DEBUG [fc6a6341] Finished in 0.057 seconds with exit status 1 (failed).
 DEBUG [8106f1bb] Running [ -d /home/deploy/apps/diffexdb/releases/20190226181655/public/assets ] on 142.93.204.216
 DEBUG [8106f1bb] Command: [ -d /home/deploy/apps/diffexdb/releases/20190226181655/public/assets ]
 DEBUG [11d70f9c] Finished in 0.054 seconds with exit status 0 (successful).
  INFO [4ca059a2] Running /usr/bin/env rm -rf /home/deploy/apps/diffexdb/releases/20190226181655/public/assets on 142.93.204.216
 DEBUG [4ca059a2] Command: /usr/bin/env rm -rf /home/deploy/apps/diffexdb/releases/20190226181655/public/assets
  INFO [ca05acca] Finished in 0.061 seconds with exit status 0 (successful).
  INFO [6fff107b] Running /usr/bin/env ln -s /home/deploy/apps/diffexdb/shared/public/assets /home/deploy/apps/diffexdb/releases/20190226181655/public/assets on 142.93.204.216
 DEBUG [6fff107b] Command: /usr/bin/env ln -s /home/deploy/apps/diffexdb/shared/public/assets /home/deploy/apps/diffexdb/releases/20190226181655/public/assets
  INFO [cf6c509d] Finished in 0.057 seconds with exit status 0 (successful).
 DEBUG [e8dd541b] Running if test ! -d /home/deploy/apps/diffexdb/releases/20190226181655; then echo "Directory does not exist '/home/deploy/apps/diffexdb/releases/20190226181655'" 1>&2; false; fi on 142.93.204.216
 DEBUG [e8dd541b] Command: if test ! -d /home/deploy/apps/diffexdb/releases/20190226181655; then echo "Directory does not exist '/home/deploy/apps/diffexdb/releases/20190226181655'" 1>&2; false; fi
 DEBUG [67f13d6d] Finished in 0.055 seconds with exit status 0 (successful).
  INFO [24bed0cf] Running ~/.rvm/bin/rvm default do bundle install --path /home/deploy/apps/diffexdb/shared/bundle --without development test --deployment --quiet on 142.93.204.216
 DEBUG [24bed0cf] Command: cd /home/deploy/apps/diffexdb/releases/20190226181655 && ~/.rvm/bin/rvm default do bundle install --path /home/deploy/apps/diffexdb/shared/bundle --without development test --deployment --quiet
 DEBUG [9ec0faf3] 	[33mRVM used your Gemfile for selecting Ruby, it is all fine - Heroku does that too,
 DEBUG [9ec0faf3] 	
 DEBUG [9ec0faf3] 	you can ignore these warnings with 'rvm rvmrc warning ignore /home/deploy/apps/diffexdb/releases/20190226181655/Gemfile'.
 DEBUG [9ec0faf3] 	
 DEBUG [9ec0faf3] 	To ignore the warning for all files run 'rvm rvmrc warning ignore allGemfiles'.
 DEBUG [9ec0faf3] 	
 DEBUG [9ec0faf3] 	[0m
 DEBUG [9ec0faf3] 	
 DEBUG [9ec0faf3] 	[0m
 DEBUG [9ec0faf3] 	[33mWarning, new version of rvm available '1.29.7-next', you are using older version '1.29.4'.
 DEBUG [9ec0faf3] 	
 DEBUG [9ec0faf3] 	You can disable this warning with:    echo rvm_autoupdate_flag=0 >> ~/.rvmrc
 DEBUG [9ec0faf3] 	
 DEBUG [9ec0faf3] 	You can enable  auto-update  with:    echo rvm_autoupdate_flag=2 >> ~/.rvmrc[0m
 DEBUG [9ec0faf3] 	
 DEBUG [9ec0faf3] 	[0m
  INFO [9ec0faf3] Finished in 1.092 seconds with exit status 0 (successful).
 DEBUG [5a69e97f] Running if test ! -d /home/deploy/apps/diffexdb/releases/20190226181655; then echo "Directory does not exist '/home/deploy/apps/diffexdb/releases/20190226181655'" 1>&2; false; fi on 142.93.204.216
 DEBUG [5a69e97f] Command: if test ! -d /home/deploy/apps/diffexdb/releases/20190226181655; then echo "Directory does not exist '/home/deploy/apps/diffexdb/releases/20190226181655'" 1>&2; false; fi
 DEBUG [91bf746c] Finished in 0.055 seconds with exit status 0 (successful).
  INFO [a4b7fef0] Running ~/.rvm/bin/rvm default do bundle exec rake assets:precompile on 142.93.204.216
 DEBUG [a4b7fef0] Command: cd /home/deploy/apps/diffexdb/releases/20190226181655 && ( export RAILS_ENV="production" ; ~/.rvm/bin/rvm default do bundle exec rake assets:precompile )
 DEBUG [aa65f7dc] 	[33mRVM used your Gemfile for selecting Ruby, it is all fine - Heroku does that too,
 DEBUG [aa65f7dc] 	
 DEBUG [aa65f7dc] 	you can ignore these warnings with 'rvm rvmrc warning ignore /home/deploy/apps/diffexdb/releases/20190226181655/Gemfile'.
 DEBUG [aa65f7dc] 	
 DEBUG [aa65f7dc] 	To ignore the warning for all files run 'rvm rvmrc warning ignore allGemfiles'.
 DEBUG [aa65f7dc] 	
 DEBUG [aa65f7dc] 	[0m
 DEBUG [aa65f7dc] 	
 DEBUG [aa65f7dc] 	[0m
 DEBUG [aa65f7dc] 	I, [2019-02-26T18:17:04.073299 #28473]  INFO -- : Writing /home/deploy/apps/diffexdb/releases/20190226181655/public/assets/diffex-e395551729572700a075fb41cc8f5704a79deb20dd31abc64bff57c7507251a2.png
 DEBUG [aa65f7dc] 	
  INFO [aa65f7dc] Finished in 25.032 seconds with exit status 0 (successful).
 DEBUG [f9648dae] Running if test ! -d /home/deploy/apps/diffexdb/releases/20190226181655; then echo "Directory does not exist '/home/deploy/apps/diffexdb/releases/20190226181655'" 1>&2; false; fi on 142.93.204.216
 DEBUG [f9648dae] Command: if test ! -d /home/deploy/apps/diffexdb/releases/20190226181655; then echo "Directory does not exist '/home/deploy/apps/diffexdb/releases/20190226181655'" 1>&2; false; fi
 DEBUG [f0d80cfe] Finished in 0.057 seconds with exit status 0 (successful).
  INFO [fc123ab1] Running /usr/bin/env mkdir -p /home/deploy/apps/diffexdb/releases/20190226181655/assets_manifest_backup on 142.93.204.216
 DEBUG [fc123ab1] Command: cd /home/deploy/apps/diffexdb/releases/20190226181655 && /usr/bin/env mkdir -p /home/deploy/apps/diffexdb/releases/20190226181655/assets_manifest_backup
  INFO [df9af5a6] Finished in 0.056 seconds with exit status 0 (successful).
 DEBUG [1df5c364] Running /usr/bin/env ls /home/deploy/apps/diffexdb/releases/20190226181655/public/assets/.sprockets-manifest* on 142.93.204.216
 DEBUG [1df5c364] Command: cd /home/deploy/apps/diffexdb/releases/20190226181655 && /usr/bin/env ls /home/deploy/apps/diffexdb/releases/20190226181655/public/assets/.sprockets-manifest*
 DEBUG [153c9f46] 	/home/deploy/apps/diffexdb/releases/20190226181655/public/assets/.sprockets-manifest-1c91b4347ce013b97b8a0fcc06b0ebdb.json
 DEBUG [153c9f46] 	
 DEBUG [153c9f46] Finished in 0.058 seconds with exit status 0 (successful).
 DEBUG [46099dce] Running /usr/bin/env ls /home/deploy/apps/diffexdb/releases/20190226181655/public/assets/.sprockets-manifest* on 142.93.204.216
 DEBUG [46099dce] Command: cd /home/deploy/apps/diffexdb/releases/20190226181655 && /usr/bin/env ls /home/deploy/apps/diffexdb/releases/20190226181655/public/assets/.sprockets-manifest*
 DEBUG [f0b7824e] 	/home/deploy/apps/diffexdb/releases/20190226181655/public/assets/.sprockets-manifest-1c91b4347ce013b97b8a0fcc06b0ebdb.json
 DEBUG [f0b7824e] Finished in 0.056 seconds with exit status 0 (successful).
  INFO [6406a464] Running /usr/bin/env cp /home/deploy/apps/diffexdb/releases/20190226181655/public/assets/.sprockets-manifest-1c91b4347ce013b97b8a0fcc06b0ebdb.json /home/deploy/apps/diffexdb/releases/20190226181655/assets_manifest_backup on 142.93.204.216
 DEBUG [6406a464] Command: cd /home/deploy/apps/diffexdb/releases/20190226181655 && /usr/bin/env cp /home/deploy/apps/diffexdb/releases/20190226181655/public/assets/.sprockets-manifest-1c91b4347ce013b97b8a0fcc06b0ebdb.json /home/deploy/apps/diffexdb/releases/20190226181655/assets_manifest_backup
  INFO [95c30257] Finished in 0.055 seconds with exit status 0 (successful).
  INFO [deploy:migrate] Run `rake db:migrate`
 DEBUG [f0dccdca] Running if test ! -d /home/deploy/apps/diffexdb/releases/20190226181655; then echo "Directory does not exist '/home/deploy/apps/diffexdb/releases/20190226181655'" 1>&2; false; fi on 142.93.204.216
 DEBUG [f0dccdca] Command: if test ! -d /home/deploy/apps/diffexdb/releases/20190226181655; then echo "Directory does not exist '/home/deploy/apps/diffexdb/releases/20190226181655'" 1>&2; false; fi
 DEBUG [f4d59383] Finished in 0.053 seconds with exit status 0 (successful).
  INFO [bf72920a] Running ~/.rvm/bin/rvm default do bundle exec rake db:migrate on 142.93.204.216
 DEBUG [bf72920a] Command: cd /home/deploy/apps/diffexdb/releases/20190226181655 && ( export RAILS_ENV="production" ; ~/.rvm/bin/rvm default do bundle exec rake db:migrate )
 DEBUG [a08b395a] 	[33mRVM used your Gemfile for selecting Ruby, it is all fine - Heroku does that too,
 DEBUG [a08b395a] 	
 DEBUG [a08b395a] 	you can ignore these warnings with 'rvm rvmrc warning ignore /home/deploy/apps/diffexdb/releases/20190226181655/Gemfile'.
 DEBUG [a08b395a] 	
 DEBUG [a08b395a] 	To ignore the warning for all files run 'rvm rvmrc warning ignore allGemfiles'.
 DEBUG [a08b395a] 	
 DEBUG [a08b395a] 	[0m
 DEBUG [a08b395a] 	
 DEBUG [a08b395a] 	[0m
 DEBUG [a08b395a] 	The PGconn, PGresult, and PGError constants are deprecated, and will be
 DEBUG [a08b395a] 	
 DEBUG [a08b395a] 	removed as of version 1.0.
 DEBUG [a08b395a] 	
 DEBUG [a08b395a] 	
 DEBUG [a08b395a] 	You should use PG::Connection, PG::Result, and PG::Error instead, respectively.
 DEBUG [a08b395a] 	
 DEBUG [a08b395a] 	
 DEBUG [a08b395a] 	Called from /home/deploy/apps/diffexdb/shared/bundle/ruby/2.3.0/gems/activesupport-4.2.6/lib/active_support/dependencies.rb:240:in `load_dependency'
 DEBUG [a08b395a] 	
  INFO [a08b395a] Finished in 3.864 seconds with exit status 0 (successful).
  INFO [41c72ed9] Running /usr/bin/env ln -s /home/deploy/apps/diffexdb/releases/20190226181655 /home/deploy/apps/diffexdb/releases/current on 142.93.204.216
 DEBUG [41c72ed9] Command: /usr/bin/env ln -s /home/deploy/apps/diffexdb/releases/20190226181655 /home/deploy/apps/diffexdb/releases/current
  INFO [e892b479] Finished in 0.058 seconds with exit status 0 (successful).
  INFO [be818842] Running /usr/bin/env mv /home/deploy/apps/diffexdb/releases/current /home/deploy/apps/diffexdb on 142.93.204.216
 DEBUG [be818842] Command: /usr/bin/env mv /home/deploy/apps/diffexdb/releases/current /home/deploy/apps/diffexdb
  INFO [9d0a43c1] Finished in 0.054 seconds with exit status 0 (successful).
 DEBUG [a87a4ea2] Running /usr/bin/env ls -x /home/deploy/apps/diffexdb/releases on 142.93.204.216
 DEBUG [a87a4ea2] Command: /usr/bin/env ls -x /home/deploy/apps/diffexdb/releases
 DEBUG [27bb32e2] 	20180820041712
 DEBUG [27bb32e2] 		
 DEBUG [27bb32e2] 	20180820044029
 DEBUG [27bb32e2] 		
 DEBUG [27bb32e2] 	20180820044924
 DEBUG [27bb32e2] 		
 DEBUG [27bb32e2] 	20180825013948
 DEBUG [27bb32e2] 		
 DEBUG [27bb32e2] 	20190226061958
 DEBUG [27bb32e2] 	
 DEBUG [27bb32e2] 	20190226181655
 DEBUG [27bb32e2] 	
 DEBUG [27bb32e2] Finished in 0.059 seconds with exit status 0 (successful).
  INFO Keeping 5 of 6 deployed releases on 142.93.204.216
  INFO [81053617] Running /usr/bin/env rm -rf /home/deploy/apps/diffexdb/releases/20180820041712 on 142.93.204.216
 DEBUG [81053617] Command: /usr/bin/env rm -rf /home/deploy/apps/diffexdb/releases/20180820041712
  INFO [c9c4e1e5] Finished in 0.744 seconds with exit status 0 (successful).
 DEBUG [2f3ed34d] Running if test ! -d /home/deploy/apps/diffexdb/current; then echo "Directory does not exist '/home/deploy/apps/diffexdb/current'" 1>&2; false; fi on 142.93.204.216
 DEBUG [2f3ed34d] Command: if test ! -d /home/deploy/apps/diffexdb/current; then echo "Directory does not exist '/home/deploy/apps/diffexdb/current'" 1>&2; false; fi
 DEBUG [c70a3253] Finished in 0.055 seconds with exit status 0 (successful).
 DEBUG [93c377e5] Running [ -f /home/deploy/apps/diffexdb/shared/tmp/pids/puma.pid ] on 142.93.204.216
 DEBUG [93c377e5] Command: [ -f /home/deploy/apps/diffexdb/shared/tmp/pids/puma.pid ]
 DEBUG [ff6f07d7] Finished in 0.057 seconds with exit status 0 (successful).
 DEBUG [d3927258] Running /usr/bin/env kill -0 $( cat /home/deploy/apps/diffexdb/shared/tmp/pids/puma.pid ) on 142.93.204.216
 DEBUG [d3927258] Command: cd /home/deploy/apps/diffexdb/current && ( export RACK_ENV="production" ; /usr/bin/env kill -0 $( cat /home/deploy/apps/diffexdb/shared/tmp/pids/puma.pid ) )
 DEBUG [72fa56bc] Finished in 0.059 seconds with exit status 0 (successful).
  INFO [1d2fd1e0] Running ~/.rvm/bin/rvm default do bundle exec pumactl -S /home/deploy/apps/diffexdb/shared/tmp/pids/puma.state -F /home/deploy/apps/diffexdb/shared/puma.rb restart on 142.93.204.216
 DEBUG [1d2fd1e0] Command: cd /home/deploy/apps/diffexdb/current && ( export RACK_ENV="production" ; ~/.rvm/bin/rvm default do bundle exec pumactl -S /home/deploy/apps/diffexdb/shared/tmp/pids/puma.state -F /home/deploy/apps/diffexdb/shared/puma.rb restart )
 DEBUG [0188ea4a] 	[33mRVM used your Gemfile for selecting Ruby, it is all fine - Heroku does that too,
 DEBUG [0188ea4a] 	
 DEBUG [0188ea4a] 	you can ignore these warnings with 'rvm rvmrc warning ignore /home/deploy/apps/diffexdb/current/Gemfile'.
 DEBUG [0188ea4a] 	
 DEBUG [0188ea4a] 	To ignore the warning for all files run 'rvm rvmrc warning ignore allGemfiles'.
 DEBUG [0188ea4a] 	
 DEBUG [0188ea4a] 	[0m
 DEBUG [0188ea4a] 	
 DEBUG [0188ea4a] 	[0m
 DEBUG [0188ea4a] 	Command restart sent success
 DEBUG [0188ea4a] 	
  INFO [0188ea4a] Finished in 0.955 seconds with exit status 0 (successful).
 DEBUG [92e44a00] Running if test ! -d /home/deploy/apps/diffexdb/releases; then echo "Directory does not exist '/home/deploy/apps/diffexdb/releases'" 1>&2; false; fi on 142.93.204.216
 DEBUG [92e44a00] Command: if test ! -d /home/deploy/apps/diffexdb/releases; then echo "Directory does not exist '/home/deploy/apps/diffexdb/releases'" 1>&2; false; fi
 DEBUG [fd9f47ba] Finished in 0.054 seconds with exit status 0 (successful).
  INFO [c0bc16e0] Running /usr/bin/env echo "Branch master (at 5f39d808dd523ac3068094e36670cb6f167ead69) deployed as release 20190226181655 by ahmed.mahmoud" >> /home/deploy/apps/diffexdb/revisions.log on 142.93.204.216
 DEBUG [c0bc16e0] Command: cd /home/deploy/apps/diffexdb/releases && /usr/bin/env echo "Branch master (at 5f39d808dd523ac3068094e36670cb6f167ead69) deployed as release 20190226181655 by ahmed.mahmoud" >> /home/deploy/apps/diffexdb/revisions.log
  INFO [cf179026] Finished in 0.059 seconds with exit status 0 (successful).
